[2018-09-17 08:02:13] slim-app.INFO: These rules must pass for `[object] (stdClass: { "email": "dbp534@gmail.com", "password": "123123", "password_confirmation": "123123", "name": "Coleman Marcus", "dob": "1955-11-11" })` [] {"uid":"b86668b"}
[2018-09-17 08:02:13] slim-app.INFO: Array [] {"uid":"b86668b"}
[2018-09-17 08:02:47] slim-app.INFO: These rules must pass for `[object] (stdClass: { "email": "dbp534@gmail.com", "password": "123123", "password_confirmation": "123123", "name": "Coleman Marcus", "dob": "1955-11-11" })` [] {"uid":"ae2f720"}
[2018-09-17 08:02:47] slim-app.INFO: ('X-Requested-With') [] {"uid":"ae2f720"}
[2018-09-17 08:02:47] slim-app.INFO: Array [] {"uid":"ae2f720"}
[2018-09-17 08:03:09] slim-app.INFO: These rules must pass for `[object] (stdClass: { "email": "dbp534@gmail.com", "password": "123123", "password_confirmation": "123123", "name": "Coleman Marcus", "dob": "1955-11-11" })` [] {"uid":"b544cc2"}
[2018-09-17 08:03:09] slim-app.INFO: ('X-Requested-With') [] {"uid":"b544cc2"}
[2018-09-17 08:03:09] slim-app.INFO: 1 [] {"uid":"b544cc2"}
[2018-09-17 08:03:37] slim-app.INFO: These rules must pass for `[object] (stdClass: { "email": "dbp534@gmail.com", "password": "123123", "password_confirmation": "123123", "name": "Coleman Marcus", "dob": "1955-11-11" })` [] {"uid":"f9363c6"}
[2018-09-17 08:03:37] slim-app.INFO: ('X-Requested-With') [] {"uid":"f9363c6"}
[2018-09-17 08:04:35] slim-app.INFO: These rules must pass for `[object] (stdClass: { "email": "dbp534@gmail.com", "password": "123123", "password_confirmation": "123123", "name": "Coleman Marcus", "dob": "1955-11-11" })` [] {"uid":"28d960c"}
[2018-09-17 08:05:02] slim-app.INFO: These rules must pass for `[object] (stdClass: { "email": "dbp534@gmail.com", "password": "123123", "password_confirmation": "123123", "name": "Coleman Marcus", "dob": "1955-11-11" })` [] {"uid":"bbbe017"}
[2018-09-17 08:05:13] slim-app.INFO: These rules must pass for `[object] (stdClass: { "email": "dbp534@gmail.com", "password": "123123", "password_confirmation": "123123", "name": "Coleman Marcus", "dob": "1955-11-11" })` [] {"uid":"1146d77"}
[2018-09-17 08:06:14] slim-app.INFO: These rules must pass for `[object] (stdClass: { "email": "dbp534@gmail.com", "password": "123123", "password_confirmation": "123123", "name": "Coleman Marcus", "dob": "1955-11-11" })` [] {"uid":"9e7d362"}
[2018-09-17 08:06:25] slim-app.INFO: These rules must pass for `[object] (stdClass: { "email": "dbp534@gmail.com", "password": "123123", "password_confirmation": "123123", "name": "Coleman Marcus", "dob": "1955-11-11" })` [] {"uid":"e0c8286"}
[2018-09-17 08:06:27] slim-app.INFO: These rules must pass for `[object] (stdClass: { "email": "dbp534@gmail.com", "password": "123123", "password_confirmation": "123123", "name": "Coleman Marcus", "dob": "1955-11-11" })` [] {"uid":"4fb02e7"}
[2018-09-17 08:06:27] slim-app.INFO: These rules must pass for `[object] (stdClass: { "email": "dbp534@gmail.com", "password": "123123", "password_confirmation": "123123", "name": "Coleman Marcus", "dob": "1955-11-11" })` [] {"uid":"74b2e4b"}
[2018-09-17 08:07:37] slim-app.INFO: These rules must pass for `[object] (stdClass: { "email": "dbp534@gmail.com", "password": "123123", "password_confirmation": "123123", "name": "Coleman Marcus", "dob": "1955-11-11" })` [] {"uid":"22e8098"}
[2018-09-17 08:16:45] slim-app.INFO: These rules must pass for `[object] (stdClass: { "email": null, "password": null, "password_confirmation": null, "name": null, "dob": null })` [] {"uid":"47ec5f9"}
[2018-09-17 08:16:46] slim-app.INFO: These rules must pass for `[object] (stdClass: { "email": null, "password": null, "password_confirmation": null, "name": null, "dob": null })` [] {"uid":"17a9ee7"}
[2018-09-17 08:16:57] slim-app.INFO: These rules must pass for `[object] (stdClass: { "email": "dbp534@gmail.com", "password": "123123123", "password_confirmation": "123123123", "name": "Coleman Marcus", "dob": "1995-11-11" })` [] {"uid":"8816076"}
[2018-09-17 08:17:27] slim-app.INFO: These rules must pass for `[object] (stdClass: { "email": "dbp534@gmail.com", "password": "123123123", "password_confirmation": "123123123", "name": "Coleman Marcus", "dob": "1995-11-11" })` [] {"uid":"dcf5e56"}
[2018-09-17 08:18:09] slim-app.INFO: These rules must pass for `[object] (stdClass: { "email": "dbp534@gmail.com", "password": "123123", "password_confirmation": "123123", "name": "Coleman Marcus", "dob": "1995-11-11" })` [] {"uid":"1af0a9f"}
[2018-09-17 08:32:50] slim-app.INFO: These rules must pass for `[object] (stdClass: { "email": "dbp534@gmail.com", "password": "123123", "password_confirmation": "123123", "name": "Coleman Marcus", "dob": "1995-11-11" })` [] {"uid":"de2fd33"}
[2018-09-17 08:33:44] slim-app.INFO: These rules must pass for `[object] (stdClass: { "email": "dbp534@gmail.com", "password": "123123123", "password_confirmation": "123123123", "name": "Coleman Marcus", "dob": "1995-11-11" })` [] {"uid":"a40bb1e"}
[2018-09-17 08:36:31] slim-app.INFO: These rules must pass for `[object] (stdClass: { "email": "dbp5314@gmail.com", "password": "123123123", "password_confirmation": "123123123", "name": "Coleman Marcus", "dob": "1995-11-11" })` [] {"uid":"2da3f95"}
[2018-09-17 08:36:31] slim-app.INFO: These rules must pass for `[object] (stdClass: { "email": "dbp5314@gmail.com", "password": "123123123", "password_confirmation": "123123123", "name": "Coleman Marcus", "dob": "1995-11-11" })` [] {"uid":"f6e15ca"}
[2018-09-17 08:41:09] slim-app.INFO: These rules must pass for `[object] (stdClass: { "email": "dbp5314@gmail.com", "password": "123123123", "password_confirmation": "123123123", "name": "Coleman Marcus", "dob": "1995-11-11" })` [] {"uid":"7137fb4"}
[2018-09-17 08:46:15] slim-app.INFO: These rules must pass for `[object] (stdClass: { "email": "dbp534@gmail.com", "password": "123123", "password_confirmation": "123123", "name": "Coleman Marcus", "dob": "1995-11-11" })` [] {"uid":"4321fca"}
[2018-09-17 08:46:17] slim-app.INFO: These rules must pass for `[object] (stdClass: { "email": "dbp534@gmail.com", "password": "123123", "password_confirmation": "123123", "name": "Coleman Marcus", "dob": "1995-11-11" })` [] {"uid":"0452cb6"}
[2018-09-17 08:47:29] slim-app.INFO: These rules must pass for `[object] (stdClass: { "email": "dbp534@gmail.com", "password": "123123", "password_confirmation": "123123", "name": "Coleman Marcus", "dob": "1995-11-11" })` [] {"uid":"f48e9ca"}
[2018-09-17 08:47:30] slim-app.INFO: These rules must pass for `[object] (stdClass: { "email": "dbp534@gmail.com", "password": "123123", "password_confirmation": "123123", "name": "Coleman Marcus", "dob": "1995-11-11" })` [] {"uid":"fd36e53"}
[2018-09-17 08:50:41] slim-app.INFO: These rules must pass for `[object] (stdClass: { "email": "dbp534@gmail.com", "password": "123", "password_confirmation": "123", "name": "Coleman Marcus", "dob": "1995-11-11" })` [] {"uid":"e635101"}
[2018-09-17 08:51:58] slim-app.INFO: These rules must pass for `[object] (stdClass: { "email": "dbp534@gmail.com", "password": "123123", "password_confirmation": "123123", "name": "Coleman Marcus", "dob": "1995-11-11" })` [] {"uid":"2df93d0"}
[2018-09-17 08:52:21] slim-app.INFO: These rules must pass for `[object] (stdClass: { "email": "dbp534@gmail.com", "password": "123123", "password_confirmation": "123123", "name": "Coleman Marcus", "dob": "1995-11-11" })` [] {"uid":"85bfa04"}
[2018-09-17 08:52:40] slim-app.INFO: These rules must pass for `[object] (stdClass: { "email": "dbp534@gmail.com", "password": "123123", "password_confirmation": "123123", "name": "Coleman Marcus", "dob": "1995-11-11" })` [] {"uid":"311b08a"}
